-------------------------------------------------------------------------------
Test set: TestSuite
-------------------------------------------------------------------------------
Tests run: 3, Failures: 1, Errors: 0, Skipped: 0, Time elapsed: 19.773 s <<< FAILURE! - in TestSuite
runScenario(cucumberOptns.TestNGTestRunner)  Time elapsed: 17.476 s  <<< FAILURE!
java.lang.AssertionError: expected [No data] but found [Beetroot]

